[    0.000000] Initializing cgroup subsys cpuset
[    0.000000] Initializing cgroup subsys cpu
[    0.000000] Initializing cgroup subsys cpuacct
[    0.000000] Linux version 4.4.0-135-generic (buildd@lcy01-amd64-020) (gcc version 5.4.0 20160609 (Ubuntu 5.4.0-6ubuntu1~16.04.10) ) #161-Ubuntu SMP Mon Aug 27 10:45:01 UTC 2018 (Ubuntu 4.4.0-135.161-generic 4.4.140)
[    0.000000] Command line: BOOT_IMAGE=/boot/vmlinuz-4.4.0-135-generic root=LABEL=cloudimg-rootfs ro console=tty1 console=ttyS0
[    0.000000] KERNEL supported cpus:
[    0.000000]   Intel GenuineIntel
[    0.000000]   AMD AuthenticAMD
[    0.000000]   Centaur CentaurHauls
[    0.000000] x86/fpu: xstate_offset[2]:  576, xstate_sizes[2]:  256
[    0.000000] x86/fpu: Supporting XSAVE feature 0x01: 'x87 floating point registers'
[    0.000000] x86/fpu: Supporting XSAVE feature 0x02: 'SSE registers'
[    0.000000] x86/fpu: Supporting XSAVE feature 0x04: 'AVX registers'
[    0.000000] x86/fpu: Enabled xstate features 0x7, context size is 832 bytes, using 'standard' format.
[    0.000000] e820: BIOS-provided physical RAM map:
[    0.000000] BIOS-e820: [mem 0x0000000000000000-0x000000000009fbff] usable
[    0.000000] BIOS-e820: [mem 0x000000000009fc00-0x000000000009ffff] reserved
[    0.000000] BIOS-e820: [mem 0x00000000000f0000-0x00000000000fffff] reserved
[    0.000000] BIOS-e820: [mem 0x0000000000100000-0x000000003ffeffff] usable
[    0.000000] BIOS-e820: [mem 0x000000003fff0000-0x000000003fffffff] ACPI data
[    0.000000] BIOS-e820: [mem 0x00000000fec00000-0x00000000fec00fff] reserved
[    0.000000] BIOS-e820: [mem 0x00000000fee00000-0x00000000fee00fff] reserved
[    0.000000] BIOS-e820: [mem 0x00000000fffc0000-0x00000000ffffffff] reserved
[    0.000000] NX (Execute Disable) protection: active
[    0.000000] SMBIOS 2.5 present.
[    0.000000] Hypervisor detected: KVM
[    0.000000] e820: last_pfn = 0x3fff0 max_arch_pfn = 0x400000000
[    0.000000] MTRR: Disabled
[    0.000000] x86/PAT: MTRRs disabled, skipping PAT initialization too.
[    0.000000] CPU MTRRs all blank - virtualized system.
[    0.000000] x86/PAT: Configuration [0-7]: WB  WT  UC- UC  WB  WT  UC- UC  
[    0.000000] found SMP MP-table at [mem 0x0009fff0-0x0009ffff] mapped at [ffff88000009fff0]
[    0.000000] Scanning 1 areas for low memory corruption
[    0.000000] RAMDISK: [mem 0x3630a000-0x3717cfff]
[    0.000000] ACPI: Early table checksum verification disabled
[    0.000000] ACPI: RSDP 0x00000000000E0000 000024 (v02 VBOX  )
[    0.000000] ACPI: XSDT 0x000000003FFF0030 00003C (v01 VBOX   VBOXXSDT 00000001 ASL  00000061)
[    0.000000] ACPI: FACP 0x000000003FFF00F0 0000F4 (v04 VBOX   VBOXFACP 00000001 ASL  00000061)
[    0.000000] ACPI: DSDT 0x000000003FFF0470 0021C8 (v02 VBOX   VBOXBIOS 00000002 INTL 20100528)
[    0.000000] ACPI: FACS 0x000000003FFF0200 000040
[    0.000000] ACPI: FACS 0x000000003FFF0200 000040
[    0.000000] ACPI: APIC 0x000000003FFF0240 00005C (v02 VBOX   VBOXAPIC 00000001 ASL  00000061)
[    0.000000] ACPI: SSDT 0x000000003FFF02A0 0001CC (v01 VBOX   VBOXCPUT 00000002 INTL 20100528)
[    0.000000] No NUMA configuration found
[    0.000000] Faking a node at [mem 0x0000000000000000-0x000000003ffeffff]
[    0.000000] NODE_DATA(0) allocated [mem 0x3ffeb000-0x3ffeffff]
[    0.000000] kvm-clock: Using msrs 4b564d01 and 4b564d00
[    0.000000] kvm-clock: cpu 0, msr 0:3ffe3001, primary cpu clock
[    0.000000] kvm-clock: using sched offset of 3571005574 cycles
[    0.000000] clocksource: kvm-clock: mask: 0xffffffffffffffff max_cycles: 0x1cd42e4dffb, max_idle_ns: 881590591483 ns
[    0.000000] Zone ranges:
[    0.000000]   DMA      [mem 0x0000000000001000-0x0000000000ffffff]
[    0.000000]   DMA32    [mem 0x0000000001000000-0x000000003ffeffff]
[    0.000000]   Normal   empty
[    0.000000]   Device   empty
[    0.000000] Movable zone start for each node
[    0.000000] Early memory node ranges
[    0.000000]   node   0: [mem 0x0000000000001000-0x000000000009efff]
[    0.000000]   node   0: [mem 0x0000000000100000-0x000000003ffeffff]
[    0.000000] Initmem setup node 0 [mem 0x0000000000001000-0x000000003ffeffff]
[    0.000000] ACPI: PM-Timer IO Port: 0x4008
[    0.000000] IOAPIC[0]: apic_id 2, version 32, address 0xfec00000, GSI 0-23
[    0.000000] ACPI: INT_SRC_OVR (bus 0 bus_irq 0 global_irq 2 dfl dfl)
[    0.000000] ACPI: INT_SRC_OVR (bus 0 bus_irq 9 global_irq 9 high level)
[    0.000000] Using ACPI (MADT) for SMP configuration information
[    0.000000] smpboot: Allowing 2 CPUs, 0 hotplug CPUs
[    0.000000] PM: Registered nosave memory: [mem 0x00000000-0x00000fff]
[    0.000000] PM: Registered nosave memory: [mem 0x0009f000-0x0009ffff]
[    0.000000] PM: Registered nosave memory: [mem 0x000a0000-0x000effff]
[    0.000000] PM: Registered nosave memory: [mem 0x000f0000-0x000fffff]
[    0.000000] e820: [mem 0x40000000-0xfebfffff] available for PCI devices
[    0.000000] Booting paravirtualized kernel on KVM
[    0.000000] clocksource: refined-jiffies: mask: 0xffffffff max_cycles: 0xffffffff, max_idle_ns: 7645519600211568 ns
[    0.000000] setup_percpu: NR_CPUS:512 nr_cpumask_bits:512 nr_cpu_ids:2 nr_node_ids:1
[    0.000000] PERCPU: Embedded 34 pages/cpu @ffff88003fc00000 s99544 r8192 d31528 u1048576
[    0.000000] PV qspinlock hash table entries: 256 (order: 0, 4096 bytes)
[    0.000000] Built 1 zonelists in Node order, mobility grouping on.  Total pages: 257912
[    0.000000] Policy zone: DMA32
[    0.000000] Kernel command line: BOOT_IMAGE=/boot/vmlinuz-4.4.0-135-generic root=LABEL=cloudimg-rootfs ro console=tty1 console=ttyS0
[    0.000000] PID hash table entries: 4096 (order: 3, 32768 bytes)
[    0.000000] Memory: 997720K/1048120K available (8554K kernel code, 1314K rwdata, 4004K rodata, 1516K init, 1316K bss, 50400K reserved, 0K cma-reserved)
[    0.000000] SLUB: HWalign=64, Order=0-3, MinObjects=0, CPUs=2, Nodes=1
[    0.000000] Kernel/User page tables isolation: enabled
[    0.000000] Hierarchical RCU implementation.
[    0.000000] 	Build-time adjustment of leaf fanout to 64.
[    0.000000] 	RCU restricting CPUs from NR_CPUS=512 to nr_cpu_ids=2.
[    0.000000] RCU: Adjusting geometry for rcu_fanout_leaf=64, nr_cpu_ids=2
[    0.000000] NR_IRQS:33024 nr_irqs:440 16
[    0.000000] Console: colour VGA+ 80x25
[    0.000000] console [tty1] enabled
[    0.000000] console [ttyS0] enabled
[    0.000000] tsc: Detected 3096.000 MHz processor
[    0.612794] Calibrating delay loop (skipped) preset value.. 6192.00 BogoMIPS (lpj=12384000)
[    0.622862] pid_max: default: 32768 minimum: 301
[    0.657703] ACPI: Core revision 20150930
[    0.659379] ACPI: 2 ACPI AML tables successfully acquired and loaded
[    0.732786] Security Framework initialized
[    0.760771] Yama: becoming mindful.
[    0.761556] AppArmor: AppArmor initialized
[    0.762484] Dentry cache hash table entries: 131072 (order: 8, 1048576 bytes)
[    0.765243] Inode-cache hash table entries: 65536 (order: 7, 524288 bytes)
[    0.795597] Mount-cache hash table entries: 2048 (order: 2, 16384 bytes)
[    0.797939] Mountpoint-cache hash table entries: 2048 (order: 2, 16384 bytes)
[    0.799795] Initializing cgroup subsys io
[    0.806941] Initializing cgroup subsys memory
[    0.811924] Initializing cgroup subsys devices
[    0.818714] Initializing cgroup subsys freezer
[    0.819691] Initializing cgroup subsys net_cls
[    0.820698] Initializing cgroup subsys perf_event
[    0.821608] Initializing cgroup subsys net_prio
[    0.822913] Initializing cgroup subsys hugetlb
[    0.915480] Initializing cgroup subsys pids
[    0.969369] mce: CPU supports 0 MCE banks
[    0.999568] Last level iTLB entries: 4KB 64, 2MB 8, 4MB 8
[    1.006091] Last level dTLB entries: 4KB 64, 2MB 0, 4MB 0, 1GB 4
[    1.009397] Spectre V2 : Mitigation: Full generic retpoline
[    1.012665] Spectre V2 : Speculation control IBPB not-supported IBRS not-supported
[    1.014002] Spectre V2 : Filling RSB on context switch
[    1.015219] Speculative Store Bypass: Vulnerable
[    1.024023] Freeing SMP alternatives memory: 32K
[    1.037718] ftrace: allocating 32266 entries in 127 pages
[    1.101488] smpboot: APIC(0) Converting physical 0 to logical package 0
[    1.103907] smpboot: Max logical packages: 1
[    1.104981] x2apic enabled
[    1.105786] Switched APIC routing to physical x2apic.
[    1.107974] ..TIMER: vector=0x30 apic1=0 pin1=2 apic2=-1 pin2=-1
[    1.224137] smpboot: CPU0: Intel(R) Core(TM) i5-7267U CPU @ 3.10GHz (family: 0x6, model: 0x8e, stepping: 0x9)
[    1.231921] Performance Events: unsupported p6 CPU model 142 no PMU driver, software events only.
[    1.241523] KVM setup paravirtual spinlock
[    1.253686] x86: Booting SMP configuration:
[    1.260265] .... node  #0, CPUs:      #1
[    1.261139] kvm-clock: cpu 1, msr 0:3ffe3041, secondary cpu clock
[    1.287239] mce: CPU supports 0 MCE banks
[    1.307380] x86: Booted up 1 node, 2 CPUs
[    1.313400] smpboot: Total of 2 processors activated (12384.00 BogoMIPS)
[    1.319074] devtmpfs: initialized
[    1.330373] evm: security.selinux
[    1.352772] evm: security.SMACK64
[    1.382422] evm: security.SMACK64EXEC
[    1.385532] evm: security.SMACK64TRANSMUTE
[    1.393025] evm: security.SMACK64MMAP
[    1.393820] evm: security.ima
[    1.399924] evm: security.capability
[    1.401087] clocksource: jiffies: mask: 0xffffffff max_cycles: 0xffffffff, max_idle_ns: 7645041785100000 ns
[    1.422057] futex hash table entries: 512 (order: 3, 32768 bytes)
[    1.449660] pinctrl core: initialized pinctrl subsystem
[    1.481083] RTC time: 17:16:39, date: 09/27/18
[    1.482091] NET: Registered protocol family 16
[    1.516706] cpuidle: using governor ladder
[    1.536394] cpuidle: using governor menu
[    1.542965] PCCT header not found.
[    1.546320] ACPI: bus type PCI registered
[    1.548213] acpiphp: ACPI Hot Plug PCI Controller Driver version: 0.5
[    1.566752] PCI: Using configuration type 1 for base access
[    1.583088] ACPI: Added _OSI(Module Device)
[    1.600032] ACPI: Added _OSI(Processor Device)
[    1.602174] ACPI: Added _OSI(3.0 _SCP Extensions)
[    1.603090] ACPI: Added _OSI(Processor Aggregator Device)
[    1.622775] ACPI: Executed 1 blocks of module-level executable AML code
[    1.748816] ACPI: Interpreter enabled
[    1.801422] ACPI: (supports S0 S5)
[    1.848647] ACPI: Using IOAPIC for interrupt routing
[    1.932571] PCI: Using host bridge windows from ACPI; if necessary, use "pci=nocrs" and report a bug
[    2.094958] ACPI: PCI Root Bridge [PCI0] (domain 0000 [bus 00-ff])
[    2.185762] acpi PNP0A03:00: _OSC: OS supports [ASPM ClockPM Segments MSI]
[    2.262489] acpi PNP0A03:00: _OSC failed (AE_NOT_FOUND); disabling ASPM
[    2.328745] acpi PNP0A03:00: fail to add MMCONFIG information, can't access extended PCI configuration space under this bridge.
[    2.445244] PCI host bridge to bus 0000:00
[    2.488067] pci_bus 0000:00: root bus resource [io  0x0000-0x0cf7 window]
[    2.571147] pci_bus 0000:00: root bus resource [io  0x0d00-0xffff window]
[    2.658124] pci_bus 0000:00: root bus resource [mem 0x000a0000-0x000bffff window]
[    2.726321] pci_bus 0000:00: root bus resource [mem 0x40000000-0xffdfffff window]
[    2.773512] pci_bus 0000:00: root bus resource [bus 00-ff]
[    2.833916] pci 0000:00:01.1: legacy IDE quirk: reg 0x10: [io  0x01f0-0x01f7]
[    2.898158] pci 0000:00:01.1: legacy IDE quirk: reg 0x14: [io  0x03f6]
[    3.039202] pci 0000:00:01.1: legacy IDE quirk: reg 0x18: [io  0x0170-0x0177]
[    3.040806] pci 0000:00:01.1: legacy IDE quirk: reg 0x1c: [io  0x0376]
[    3.067173] pci 0000:00:07.0: quirk: [io  0x4000-0x403f] claimed by PIIX4 ACPI
[    3.089653] pci 0000:00:07.0: quirk: [io  0x4100-0x410f] claimed by PIIX4 SMB
[    3.099701] ACPI: PCI Interrupt Link [LNKA] (IRQs 5 9 10 *11)
[    3.101835] ACPI: PCI Interrupt Link [LNKB] (IRQs 5 9 10 *11)
[    3.116446] ACPI: PCI Interrupt Link [LNKC] (IRQs 5 9 *10 11)
[    3.125276] ACPI: PCI Interrupt Link [LNKD] (IRQs 5 *9 10 11)
[    3.145121] ACPI: Enabled 2 GPEs in block 00 to 07
[    3.156876] vgaarb: setting as boot device: PCI:0000:00:02.0
[    3.170419] vgaarb: device added: PCI:0000:00:02.0,decodes=io+mem,owns=io+mem,locks=none
[    3.173451] vgaarb: loaded
[    3.174325] vgaarb: bridge control possible 0000:00:02.0
[    3.176786] SCSI subsystem initialized
[    3.191059] ACPI: bus type USB registered
[    3.226025] usbcore: registered new interface driver usbfs
[    3.263500] usbcore: registered new interface driver hub
[    3.264614] usbcore: registered new device driver usb
[    3.291869] PCI: Using ACPI for IRQ routing
[    3.298369] NetLabel: Initializing
[    3.300658] NetLabel:  domain hash size = 128
[    3.301739] NetLabel:  protocols = UNLABELED CIPSOv4
[    3.303103] NetLabel:  unlabeled traffic allowed by default
[    3.309388] amd_nb: Cannot enumerate AMD northbridges
[    3.310782] clocksource: Switched to clocksource kvm-clock
[    3.324480] AppArmor: AppArmor Filesystem Enabled
[    3.335461] pnp: PnP ACPI init
[    3.347828] pnp: PnP ACPI: found 3 devices
[    3.368639] clocksource: acpi_pm: mask: 0xffffff max_cycles: 0xffffff, max_idle_ns: 2085701024 ns
[    3.417092] NET: Registered protocol family 2
[    3.423010] TCP established hash table entries: 8192 (order: 4, 65536 bytes)
[    3.430970] TCP bind hash table entries: 8192 (order: 5, 131072 bytes)
[    3.432119] TCP: Hash tables configured (established 8192 bind 8192)
[    3.433281] UDP hash table entries: 512 (order: 2, 16384 bytes)
[    3.459321] UDP-Lite hash table entries: 512 (order: 2, 16384 bytes)
[    3.462708] NET: Registered protocol family 1
[    3.465078] pci 0000:00:00.0: Limiting direct PCI/PCI transfers
[    3.467099] pci 0000:00:01.0: Activating ISA DMA hang workarounds
[    3.473832] Unpacking initramfs...
[    3.711597] Freeing initrd memory: 14796K
[    3.735112] platform rtc_cmos: registered platform RTC device (no PNP device found)
[    3.755403] Scanning for low memory corruption every 60 seconds
[    3.865870] audit: initializing netlink subsys (disabled)
[    3.921657] audit: type=2000 audit(1538068604.002:1): initialized
[    3.974232] Initialise system trusted keyring
[    4.022259] HugeTLB registered 2 MB page size, pre-allocated 0 pages
[    4.127298] zbud: loaded
[    4.145113] VFS: Disk quotas dquot_6.6.0
[    4.145795] VFS: Dquot-cache hash table entries: 512 (order 0, 4096 bytes)
[    4.150951] squashfs: version 4.0 (2009/01/31) Phillip Lougher
[    4.184734] fuse init (API version 7.23)
[    4.224914] Key type big_key registered
[    4.261487] Allocating IMA MOK and blacklist keyrings.
[    4.268737] Key type asymmetric registered
[    4.278367] Asymmetric key parser 'x509' registered
[    4.281928] Block layer SCSI generic (bsg) driver version 0.4 loaded (major 249)
[    4.323133] io scheduler noop registered
[    4.347192] io scheduler deadline registered (default)
[    4.348183] io scheduler cfq registered
[    4.349064] pci_hotplug: PCI Hot Plug PCI Core version: 0.5
[    4.354102] pciehp: PCI Express Hot Plug Controller Driver version: 0.4
[    4.374844] ACPI: AC Adapter [AC] (off-line)
[    4.387297] input: Power Button as /devices/LNXSYSTM:00/LNXPWRBN:00/input/input0
[    4.477532] ACPI: Power Button [PWRF]
[    4.492364] input: Sleep Button as /devices/LNXSYSTM:00/LNXSLPBN:00/input/input1
[    4.534973] ACPI: Sleep Button [SLPF]
[    4.536705] ACPI: Battery Slot [BAT0] (battery present)
[    4.551196] GHES: HEST is not enabled!
[    4.552117] Serial: 8250/16550 driver, 32 ports, IRQ sharing enabled
[    4.575260] 00:02: ttyS0 at I/O 0x3f8 (irq = 4, base_baud = 115200) is a 16550A
[    4.651419] Linux agpgart interface v0.103
[    4.659947] loop: module loaded
[    4.664175] scsi host0: ata_piix
[    4.665428] scsi host1: ata_piix
[    4.681226] ata1: PATA max UDMA/33 cmd 0x1f0 ctl 0x3f6 bmdma 0xd000 irq 14
[    4.694717] ata2: PATA max UDMA/33 cmd 0x170 ctl 0x376 bmdma 0xd008 irq 15
[    4.699585] libphy: Fixed MDIO Bus: probed
[    4.706124] tun: Universal TUN/TAP device driver, 1.6
[    4.707590] tun: (C) 1999-2004 Max Krasnyansky <maxk@qualcomm.com>
[    4.708852] PPP generic driver version 2.4.2
[    4.734871] tsc: Refined TSC clocksource calibration: 3096.555 MHz
[    4.752412] clocksource: tsc: mask: 0xffffffffffffffff max_cycles: 0x2ca291a2fb6, max_idle_ns: 440795343774 ns
[    4.765803] ehci_hcd: USB 2.0 'Enhanced' Host Controller (EHCI) Driver
[    4.782107] ehci-pci: EHCI PCI platform driver
[    4.803351] ehci-platform: EHCI generic platform driver
[    4.816962] ohci_hcd: USB 1.1 'Open' Host Controller (OHCI) Driver
[    4.873054] ohci-pci: OHCI PCI platform driver
[    5.012414] ohci-platform: OHCI generic platform driver
[    5.040142] uhci_hcd: USB Universal Host Controller Interface driver
[    5.055005] i8042: PNP: PS/2 Controller [PNP0303:PS2K,PNP0f03:PS2M] at 0x60,0x64 irq 1,12
[    5.071005] serio: i8042 KBD port at 0x60,0x64 irq 1
[    5.113777] serio: i8042 AUX port at 0x60,0x64 irq 12
[    5.124749] mousedev: PS/2 mouse device common for all mice
[    5.131461] rtc_cmos rtc_cmos: rtc core: registered rtc_cmos as rtc0
[    5.170519] rtc_cmos rtc_cmos: alarms up to one day, 114 bytes nvram
[    5.226799] i2c /dev entries driver
[    5.257863] device-mapper: uevent: version 1.0.3
[    5.294869] input: AT Translated Set 2 keyboard as /devices/platform/i8042/serio0/input/input2
[    5.322350] device-mapper: ioctl: 4.34.0-ioctl (2015-10-28) initialised: dm-devel@redhat.com
[    5.426904] ledtrig-cpu: registered to indicate activity on CPUs
[    5.479831] NET: Registered protocol family 10
[    5.505392] NET: Registered protocol family 17
[    5.520668] Key type dns_resolver registered
[    5.522323] registered taskstats version 1
[    5.528823] Loading compiled-in X.509 certificates
[    5.541584] Loaded X.509 cert 'Build time autogenerated kernel key: b7189ebc996fd79c52efc1226b6676b25e4f6a2d'
[    5.550237] zswap: loaded using pool lzo/zbud
[    5.554308] Key type trusted registered
[    5.582759] Key type encrypted registered
[    5.604211] AppArmor: AppArmor sha1 policy hashing enabled
[    5.615115] ima: No TPM chip found, activating TPM-bypass!
[    5.619579] ima: Allocated hash algorithm: sha1
[    5.620528] evm: HMAC attrs: 0x1
[    5.624270]   Magic number: 2:571:290
[    5.634352] tty tty23: hash matches
[    5.656084] rtc_cmos rtc_cmos: setting system clock to 2018-09-27 17:16:43 UTC (1538068603)
[    5.772449] BIOS EDD facility v0.16 2004-Jun-25, 0 devices found
[    5.781613] EDD information not available.
[    5.792973] Freeing unused kernel memory: 1516K
[    5.814947] Write protecting the kernel read-only data: 14336k
[    5.867082] Freeing unused kernel memory: 1672K
[    5.901072] Freeing unused kernel memory: 92K
Loading, please [    5.985888] random: systemd-udevd: uninitialized urandom read (16 bytes read, 3 bits of entropy available)
wait...
startin[    5.986508] random: udevadm: uninitialized urandom read (16 bytes read, 3 bits of entropy available)
g version 229
[    5.986528] random: udevadm: uninitialized urandom read (16 bytes read, 3 bits of entropy available)
[    5.996718] random: udevadm: uninitialized urandom read (16 bytes read, 3 bits of entropy available)
[    5.996765] random: udevadm: uninitialized urandom read (16 bytes read, 3 bits of entropy available)
[    5.996913] random: udevadm: uninitialized urandom read (16 bytes read, 3 bits of entropy available)
[    5.996969] random: udevadm: uninitialized urandom read (16 bytes read, 3 bits of entropy available)
[    5.997026] random: udevadm: uninitialized urandom read (16 bytes read, 3 bits of entropy available)
[    5.997082] random: udevadm: uninitialized urandom read (16 bytes read, 3 bits of entropy available)
[    5.997137] random: udevadm: uninitialized urandom read (16 bytes read, 3 bits of entropy available)
[    6.758775] e1000: Intel(R) PRO/1000 Network Driver - version 7.3.21-k8-NAPI
[    6.776544] e1000: Copyright (c) 1999-2006 Intel Corporation.
[    6.792068] Fusion MPT base driver 3.04.20
[    6.796270] Copyright (c) 1999-2008 LSI Corporation
[    6.820892] Fusion MPT SPI Host driver 3.04.20
[    6.829487] AVX version of gcm_enc/dec engaged.
[    6.859035] AES CTR mode by8 optimization enabled
[    7.077621] input: ImExPS/2 Generic Explorer Mouse as /devices/platform/i8042/serio1/input/input4
[    7.310588] e1000 0000:00:03.0 eth0: (PCI:33MHz:32-bit) 02:fb:a8:4c:29:d0
[    7.429959] e1000 0000:00:03.0 eth0: Intel(R) PRO/1000 Network Connection
[    7.530745] e1000 0000:00:03.0 enp0s3: renamed from eth0
[    7.585047] mptbase: ioc0: Initiating bringup
[    7.727533] ioc0: LSI53C1030 A0: Capabilities={Initiator}
[    7.965467] scsi host2: ioc0: LSI53C1030 A0, FwRev=00000000h, Ports=1, MaxQ=256, IRQ=20
[    8.151483] scsi 2:0:0:0: Direct-Access     VBOX     HARDDISK         1.0  PQ: 0 ANSI: 5
[    8.372182] scsi target2:0:0: Beginning Domain Validation
[    8.419104] scsi target2:0:0: Domain Validation skipping write tests
[    8.487109] scsi target2:0:0: Ending Domain Validation
[    8.546997] scsi target2:0:0: asynchronous
[    8.684816] scsi 2:0:1:0: Direct-Access     VBOX     HARDDISK         1.0  PQ: 0 ANSI: 5
[    8.791449] scsi target2:0:1: Beginning Domain Validation
[    8.928212] scsi target2:0:1: Domain Validation skipping write tests
[    9.067111] scsi target2:0:1: Ending Domain Validation
[    9.179551] scsi target2:0:1: asynchronous
[    9.217183] sd 2:0:0:0: [sda] 20971520 512-byte logical blocks: (10.7 GB/10.0 GiB)
[    9.217371] sd 2:0:0:0: Attached scsi generic sg0 type 0
[    9.247813] sd 2:0:1:0: Attached scsi generic sg1 type 0
[    9.248039] sd 2:0:1:0: [sdb] 20480 512-byte logical blocks: (10.5 MB/10.0 MiB)
[    9.248126] sd 2:0:1:0: [sdb] Write Protect is off
[    9.248198] sd 2:0:1:0: [sdb] Incomplete mode parameter data
[    9.248199] sd 2:0:1:0: [sdb] Assuming drive cache: write through
[    9.251229] sd 2:0:1:0: [sdb] Attached SCSI disk
[    9.324933] sd 2:0:0:0: [sda] Write Protect is off
[    9.331899] sd 2:0:0:0: [sda] Incomplete mode parameter data
[    9.333280] sd 2:0:0:0: [sda] Assuming drive cache: write through
[    9.343055]  sda: sda1
[    9.356912] sd 2:0:0:0: [sda] Attached SCSI disk
Begin: Loading e[   10.771038] md: linear personality registered for level -1
ssential drivers ... [   10.786586] md: multipath personality registered for level -4
[   10.803320] md: raid0 personality registered for level 0
[   10.848894] md: raid1 personality registered for level 1
[   10.955458] raid6: sse2x1   gen()  9128 MB/s
[   11.115331] raid6: sse2x1   xor()  5714 MB/s
[   11.186856] raid6: sse2x2   gen()  6930 MB/s
[   11.255021] raid6: sse2x2   xor()  4157 MB/s
[   11.322952] raid6: sse2x4   gen()  9044 MB/s
[   11.390852] raid6: sse2x4   xor()  4081 MB/s
[   11.400132] raid6: using algorithm sse2x1 gen() 9128 MB/s
[   11.408683] raid6: .... xor() 5714 MB/s, rmw enabled
[   11.415411] raid6: using ssse3x2 recovery algorithm
[   11.423715] xor: automatically using best checksumming function:
[   11.471120]    avx       : 14866.000 MB/sec
[   11.481654] async_tx: api initialized (async)
[   11.489331] md: raid6 personality registered for level 6
[   11.494666] md: raid5 personality registered for level 5
[   11.498395] md: raid4 personality registered for level 4
[   11.517172] md: raid10 personality registered for level 10
done.
Begin: Running /scripts/init-premount ... done.
Begin: Mo[   11.556890] Btrfs loaded
unting root file system ... Begin: Running /scripts/local-top ..[   11.626468] EXT4-fs (sda1): mounted filesystem with ordered data mode. Opts: (null)
. done.
Begin: Running /scripts/local-premount ... Scanning for Btrfs filesystems
done.
Warning: fsck not present, so skipping root file system
done.
Begin: Running /scripts/local-bottom ... done.
Begin: Running /scripts/init-bottom ... done.
[   11.824077] systemd[1]: systemd 229 running in system mode. (+PAM +AUDIT +SELINUX +IMA +APPARMOR +SMACK +SYSVINIT +UTMP +LIBCRYPTSETUP +GCRYPT +GNUTLS +ACL +XZ -LZ4 +SECCOMP +BLKID +ELFUTILS +KMOD -IDN)
[   11.846912] systemd[1]: Detected virtualization oracle.
[   11.894216] systemd[1]: Detected architecture x86-64.

Welcome to [1mUbuntu 16.04.5 LTS[0m!

[   12.060372] systemd[1]: Set hostname to <ubuntu-xenial>.
[   12.274027] systemd[1]: Started Forward Password Requests to Wall Directory Watch.
[[0;32m  OK  [0m] Started Forward Password Requests to Wall Directory Watch.
[   12.475247] systemd[1]: Started Trigger resolvconf update for networkd DNS.
[[0;32m  OK  [0m] Started Trigger resolvconf update for networkd DNS.
[   12.719964] systemd[1]: Reached target System Time Synchronized.
[[0;32m  OK  [0m] Reached target System Time Synchronized.
[   12.780495] systemd[1]: Created slice User and Session Slice.
[[0;32m  OK  [0m] Created slice User and Session Slice.
[   12.838647] systemd[1]: Listening on Device-mapper event daemon FIFOs.
[[0;32m  OK  [0m] Listening on Device-mapper event daemon FIFOs.
[   12.915347] systemd[1]: Reached target User and Group Name Lookups.
[[0;32m  OK  [0m] Reached target User and Group Name Lookups.
[   13.123188] systemd[1]: Reached target Swap.
[[0;32m  OK  [0m] Reached target Swap.
[   13.172042] systemd[1]: Listening on udev Kernel Socket.
[[0;32m  OK  [0m] Listening on udev Kernel Socket.
[   13.181082] systemd[1]: Reached target Encrypted Volumes.
[[0;32m  OK  [0m] Reached target Encrypted Volumes.
[   13.184213] systemd[1]: Listening on LVM2 poll daemon socket.
[[0;32m  OK  [0m] Listening on LVM2 poll daemon socket.
[   13.223765] systemd[1]: Listening on LVM2 metadata daemon socket.
[[0;32m  OK  [0m] Listening on LVM2 metadata daemon socket.
[   13.295717] systemd[1]: Listening on /dev/initctl Compatibility Named Pipe.
[[0;32m  OK  [0m] Listening on /dev/initctl Compatibility Named Pipe.
[   13.339435] systemd[1]: Created slice System Slice.
[[0;32m  OK  [0m] Created slice System Slice.
[   13.387335] systemd[1]: Created slice system-serial\x2dgetty.slice.
[[0;32m  OK  [0m] Created slice system-serial\x2dgetty.slice.
[   13.401682] systemd[1]: Listening on Journal Socket.
[[0;32m  OK  [0m] Listening on Journal Socket.
[   13.484034] systemd[1]: Starting Monitoring of LVM2 mirrors, snapshots etc. using dmeventd or progress polling...
         Starting Monitoring of LVM2 mirrors... dmeventd or progress polling...
[   13.571051] systemd[1]: Starting Uncomplicated firewall...
         Starting Uncomplicated firewall...
[   13.656326] systemd[1]: Starting Remount Root and Kernel File Systems...
[   13.657438] random: nonblocking pool is initialized
[   13.661219] EXT4-fs (sda1): re-mounted. Opts: (null)
         Starting Remount Root and Kernel File Systems...
[   13.841090] systemd[1]: Starting Set console keymap...
         Starting Set console keymap...
[   13.858451] systemd[1]: Mounting Huge Pages File System...
         Mounting Huge Pages File System...
[   13.912320] systemd[1]: Set up automount Arbitrary Executable File Formats File System Automount Point.
[[0;32m  OK  [0m] Set up automount Arbitrary Executab...ats File System Automount Point.
[   13.973478] systemd[1]: Reached target Slices.
[[0;32m  OK  [0m] Reached target Slices.
[   14.043395] systemd[1]: Mounting Debug File System...
         Mounting Debug File System...
[   14.179206] systemd[1]: Starting Load Kernel Modules...
         Starting Load Kernel Modules...
[   14.214181] Loading iSCSI transport class v2.0-870.
[   14.214252] systemd[1]: Listening on Journal Socket (/dev/log).
[[0;32m  OK  [[   14.264241] iscsi: registered transport (tcp)
0m] Listening on Journal Socket [   14.391925] iscsi: registered transport (iser)
(/dev/log).
[   14.503037] systemd[1]: Starting Nameserver information manager...
         Starting Nameserver information manager...
[   14.543227] systemd[1]: Listening on Syslog Socket.
[[0;32m  OK  [0m] Listening on Syslog Socket.
[   14.622088] systemd[1]: Listening on udev Control Socket.
[[0;32m  OK  [0m] Listening on udev Control Socket.
[   14.663475] systemd[1]: Mounting POSIX Message Queue File System...
         Mounting POSIX Message Queue File System...
[   14.779006] systemd[1]: Starting Create list of required static device nodes for the current kernel...
         Starting Create list of required st... nodes for the current kernel...
[   14.841705] systemd[1]: Listening on Journal Audit Socket.
[[0;32m  OK  [0m] Listening on Journal Audit Socket.
[   14.935515] systemd[1]: Starting Journal Service...
         Starting Journal Service...
[   14.972537] systemd[1]: Mounted POSIX Message Queue File System.
[[0;32m  OK  [0m] Mounted POSIX Message Queue File System.
[   15.079449] systemd[1]: Mounted Debug File System.
[[0;32m  OK  [0m] Mounted Debug File System.
[   15.119019] systemd[1]: Mounted Huge Pages File System.
[[0;32m  OK  [0m] Mounted Huge Pages File System.
[   15.168668] systemd[1]: Started Journal Service.
[[0;32m  OK  [0m] Started Journal Service.
[[0;32m  OK  [0m] Started Uncomplicated firewall.
[[0;32m  OK  [0m] Started Remount Root and Kernel File Systems.
[[0;32m  OK  [0m] Started Set console keymap.
[[0;32m  OK  [0m] Started Load Kernel Modules.
[[0;32m  OK  [0m] Started Create list of required sta...ce nodes for the current kernel.
[[0;32m  OK  [0m] Started Nameserver information manager.
[[0;32m  OK  [0m] Started LVM2 metadata daemon.
         Starting Create Static Device Nodes in /dev...
         Mounting FUSE Control File System...
         Starting Apply Kernel Variables...
         Starting udev Coldplug all Devices...
         Starting Load/Save Random Seed...
         Starting Flush Journal to Persistent Storage...
[[0;32m  OK  [0m] Mounted FUSE Control File System.
[[0;32m  OK  [0m] Started Create Static Device Nodes in /dev.
[[0;32m  OK  [0m] Started Apply Kernel Variables.
[[0;32m  OK  [0m] Started Load/Save Random Seed.
[[0;32m  OK  [0m] Started udev Coldplug all Devices.
         Starting udev Kernel Device Manager...
[[0;32m  OK  [0m] Started Flush Journal to Persistent Storage.
[[0;32m  OK  [0m] Started Monitoring of LVM2 mirrors,...ng dmeventd or progress polling.
[[0;32m  OK  [0m] Started udev Kernel Device Manager.
[[0;32m  OK  [0m] Reached target Local File Systems (Pre).
[[0;32m  OK  [0m] Reached target Local File Systems.
         Starting Tell Plymouth To Write Out Runtime Data...
         Starting Create Volatile Files and Directories...
         Starting LSB: AppArmor initialization...
         Starting Initial cloud-init job (pre-networking)...
         Starting Set console font and keymap...
[[0;32m  OK  [0m] Started Dispatch Password Requests to Console Directory Watch.
[[0;32m  OK  [0m] Started Tell Plymouth To Write Out Runtime Data.
[[0;32m  OK  [0m] Started Create Volatile Files and Directories.
[[0;32m  OK  [0m] Found device /dev/ttyS0.
[[0;32m  OK  [0m] Started LSB: AppArmor initialization.
[[0;32m  OK  [0m] Listening on Load/Save RF Kill Switch Status /dev/rfkill Watch.
[   14.357340] cloud-init[505]: Cloud-init v. 18.3-9-g2e62cb8a-0ubuntu1~16.04.2 running 'init-local' at Thu, 27 Sep 2018 17:16:54 +0000. Up 13.95 seconds.
         Starting Update UTMP about System Boot/Shutdown...
[[0;32m  OK  [0m] Started Set console font and keymap.
[[0;32m  OK  [0m] Started Initial cloud-init job (pre-networking).
[[0;32m  OK  [0m] Started Update UTMP about System Boot/Shutdown.
[[0;32m  OK  [0m] Reached target Network (Pre).
         Starting Raise network interfaces...
[[0;32m  OK  [0m] Started ifup for enp0s3.
[[0;32m  OK  [0m] Created slice system-getty.slice.
[[0;32m  OK  [0m] Started Raise network interfaces.
         Starting Initial cloud-init job (metadata service crawler)...
[[0;32m  OK  [0m] Reached target Network.
[   15.579888] cloud-init[947]: Cloud-init v. 18.3-9-g2e62cb8a-0ubuntu1~16.04.2 running 'init' at Thu, 27 Sep 2018 17:16:55 +0000. Up 15.19 seconds.
[   15.633566] cloud-init[947]: ci-info: ++++++++++++++++++++++++++++++++++++++Net device info++++++++++++++++++++++++++++++++++++++
[[0;32m  OK  [0m[   15.716403] cloud-init[947]: ci-info: +--------+------+----------------------------+---------------+--------+-------------------+
[   15.716526] cloud-init[947]: ci-info: | Device |  Up  |          Address           |      Mask     | Scope  |     Hw-Address    |
[   15.716639] cloud-init[947]: ci-info: +--------+------+----------------------------+---------------+--------+-------------------+
[   15.716749] cloud-init[947]: ci-info: | enp0s3 | True |         10.0.2.15          | 255.255.255.0 | global | 02:fb:a8:4c:29:d0 |
[   15.716866] cloud-init[947]: ci-info: | enp0s3 | True | fe80::fb:a8ff:fe4c:29d0/64 |       .       |  link  | 02:fb:a8:4c:29:d0 |
[   15.716976] cloud-init[947]: ci-info: |   lo   | True |         127.0.0.1          |   255.0.0.0   |  host  |         .         |
[   15.717086] cloud-init[947]: ci-info: |   lo   | True |          ::1/128           |       .       |  host  |         .         |
[   15.717194] cloud-init[947]: ci-info: +--------+------+----------------------------+---------------+--------+-------------------+
[   15.717303] cloud-init[947]: ci-info: +++++++++++++++++++++++++++Route IPv4 info++++++++++++++++++++++++++++
[   15.717413] cloud-init[947]: ci-info: +-------+-------------+----------+---------------+-----------+-------+
[   15.717523] cloud-init[947]: ci-info: | Route | Destination | Gateway  |    Genmask    | Interface | Flags |
[   15.717632] cloud-init[947]: ci-info: +-------+-------------+----------+---------------+-----------+-------+
[   15.717744] cloud-init[947]: ci-info: |   0   |   0.0.0.0   | 10.0.2.2 |    0.0.0.0    |   enp0s3  |   UG  |
[   15.717853] cloud-init[947]: ci-info: |   1   |   10.0.2.0  | 0.0.0.0  | 255.255.255.0 |   enp0s3  |   U   |
[   15.717962] cloud-init[947]: ci-info: +-------+-------------+----------+---------------+-----------+-------+
[   15.718070] cloud-init[947]: ci-info: +++++++++++++++++++Route IPv6 info+++++++++++++++++++
[   15.718180] cloud-init[947]: ci-info: +-------+-------------+---------+-----------+-------+
[   15.718289] cloud-init[947]: ci-info: | Route | Destination | Gateway | Interface | Flags |
[   15.718397] cloud-init[947]: ci-info: +-------+-------------+---------+-----------+-------+
[   15.718505] cloud-init[947]: ci-info: |   0   |  fe80::/64  |    ::   |   enp0s3  |   U   |
[   15.718617] cloud-init[947]: ci-info: |   3   |   ff00::/8  |    ::   |   enp0s3  |   U   |
[   15.718726] cloud-init[947]: ci-info: +-------+-------------+---------+-----------+-------+
] Started Initial cloud-init job (metadata service crawler).
[[0;32m  OK  [0m] Reached target Network is Online.
         Starting iSCSI initiator daemon (iscsid)...
[[0;32m  OK  [0m] Reached target Cloud-config availability.
[[0;32m  OK  [0m] Reached target System Initialization.
[[0;32m  OK  [0m] Listening on UUID daemon activation socket.
[[0;32m  OK  [0m] Started ACPI Events Check.
[[0;32m  OK  [0m] Reached target Paths.
         Starting Docker Socket for the API.
[[0;32m  OK  [0m] Started Daily apt download activities.
[[0;32m  OK  [0m] Started Daily apt upgrade and clean activities.
[[0;32m  OK  [0m] Listening on ACPID Listen Socket.
         Starting LXD - unix socket.
         Starting Socket activation for snappy daemon.
[[0;32m  OK  [0m] Listening on D-Bus System Message Bus Socket.
[[0;32m  OK  [0m] Started Daily Cleanup of Temporary Directories.
[[0;32m  OK  [0m] Reached target Timers.
[[0;32m  OK  [0m] Listening on Docker Socket for the API.
[[0;32m  OK  [0m] Listening on LXD - unix socket.
[[0;32m  OK  [0m] Listening on Socket activation for snappy daemon.
[[0;32m  OK  [0m] Started iSCSI initiator daemon (iscsid).
         Starting Login to default iSCSI targets...
[[0;32m  OK  [0m] Reached target Sockets.
[[0;32m  OK  [0m] Reached target Basic System.
         Starting LXD - container startup/shutdown...
[[0;32m  OK  [0m] Started ACPI event daemon.
[[0;32m  OK  [0m] Started D-Bus System Message Bus.
         Starting LSB: MD monitoring daemon...
         Starting Accounts Service...
         Starting System Logging Service...
[[0;32m  OK  [0m] Started FUSE filesystem for LXC.
         Starting Login Service...
         Starting LSB: Record successful boot for GRUB...
[[0;32m  OK  [0m] Started Unattended Upgrades Shutdown.
[[0;32m  OK  [0m] Started Regular background program processing daemon.
         Starting Snappy daemon...
[[0;32m  OK  [0m] Started Deferred execution scheduler.
         Starting /etc/rc.local Compatibility...
         Starting OpenBSD Secure Shell server...
         Starting Virtualbox guest utils...
         Starting Docker Application Container Engine...
[[0;32m  OK  [0m] Started System Logging Service.
[[0;32m  OK  [0m] Started OpenBSD Secure Shell server.
[[0;32m  OK  [0m] Started Snappy daemon.
[[0;32m  OK  [0m] Started LXD - container startup/shutdown.
[[0;32m  OK  [0m] Started /etc/rc.local Compatibility.
[[0;32m  OK  [0m] Started Login to default iSCSI targets.
[[0;32m  OK  [0m] Started LSB: MD monitoring daemon.
[[0;32m  OK  [0m] Started LSB: Record successful boot for GRUB.
         Starting Authenticate and Authorize Users to Run Privileged Tasks...
[[0;32m  OK  [0m] Reached target Remote File Systems (Pre).
[[0;32m  OK  [0m] Reached target Remote File Systems.
         Starting Permit User Sessions...
         Starting LSB: automatic crash report generation...
         Starting LSB: daemon to balance interrupts for SMP systems...
         Starting LSB: Set the CPU Frequency Scaling governor to "ondemand"...
         Starting LSB: Set up cgroupfs mounts....
         Starting Wait until snapd is fully seeded...
[[0;32m  OK  [0m] Started Virtualbox guest utils.
[[0;32m  OK  [0m] Started Permit User Sessions.
[[0;32m  OK  [0m] Started LSB: Set up cgroupfs mounts..
[[0;32m  OK  [0m] Started Wait until snapd is fully seeded.
[[0;32m  OK  [0m] Started Login Service.
[[0;32m  OK  [0m] Started Authenticate and Authorize Users to Run Privileged Tasks.
[[0;32m  OK  [0m] Started Accounts Service.
[[0;32m  OK  [0m] Started LSB: Set the CPU Frequency Scaling governor to "ondemand".
[[0;32m  OK  [0m] Started LSB: automatic crash report generation.
[[0;32m  OK  [0m] Started LSB: daemon to balance interrupts for SMP systems.
[[0;32m  OK  [0m] Created slice User Slice of vagrant.
         Starting User Manager for UID 1000...
[[0;32m  OK  [0m] Started Session 1 of user vagrant.
         Starting Apply the settings specified in cloud-config...
         Starting Hold until boot process finishes up...
         Starting Terminate Plymouth Boot Screen...
[[0;32m  OK  [0m] Started User Manager for UID 1000.
[[0;32m  OK  [0m] Started Hold until boot process finishes up.
[[0;32m  OK  [0m] Started Terminate Plymouth Boot Screen.
[[0;32m  OK  [0m] Started Serial Getty on ttyS0.
[[0;32m  OK  [0m] Started Getty on tty1.
[[0;32m  OK  [0m] Reached target Login Prompts.
         Starting Set console scheme...
[[0;32m  OK  [0m] Started Docker Application Container Engine.
[[0;32m  OK  [0m] Started Set console scheme.
[[0;32m  OK  [0m] Reached target Multi-User System.
[[0;32m  OK  [0m] Reached target Graphical Interface.
         Starting Update UTMP about System Runlevel Changes...
[[0;32m  OK  [0m] Started Update UTMP about System Runlevel Changes.
[   20.846946] cloud-init[1410]: Cloud-init v. 18.3-9-g2e62cb8a-0ubuntu1~16.04.2 running 'modules:config' at Thu, 27 Sep 2018 17:17:01 +0000. Up 20.53 seconds.
[[0;32m  OK  [0m] Started Apply the settings specified in cloud-config.
         Starting Execute cloud user/final scripts...
[   21.787773] cloud-init[1555]: Cloud-init v. 18.3-9-g2e62cb8a-0ubuntu1~16.04.2 running 'modules:final' at Thu, 27 Sep 2018 17:17:02 +0000. Up 21.59 seconds.
[[0;32m  OK  [0m] Started Execute cloud user/final scripts.
[   21.865336] cloud-init[1555]: Cloud-init v. 18.3-9-g2e62cb8a-0ubuntu1~16.04.2 finished at Thu, 27 Sep 2018 17:17:02 +0000. Datasource DataSourceNoCloud [seed=/dev/sdb][dsmode=net].  Up 21.78 seconds
[[0;32m  OK  [0m] Reached target Cloud-init target.

Ubuntu 16.04.5 LTS ubuntu-xenial ttyS0

ubuntu-xenial login: 