[    0.000000] Initializing cgroup subsys cpuset
[    0.000000] Initializing cgroup subsys cpu
[    0.000000] Initializing cgroup subsys cpuacct
[    0.000000] Linux version 4.4.0-137-generic (buildd@lgw01-amd64-037) (gcc version 5.4.0 20160609 (Ubuntu 5.4.0-6ubuntu1~16.04.10) ) #163-Ubuntu SMP Mon Sep 24 13:14:43 UTC 2018 (Ubuntu 4.4.0-137.163-generic 4.4.144)
[    0.000000] Command line: BOOT_IMAGE=/boot/vmlinuz-4.4.0-137-generic root=UUID=1944b013-04db-427d-b9cb-2e000828c5db ro console=tty1 console=ttyS0
[    0.000000] KERNEL supported cpus:
[    0.000000]   Intel GenuineIntel
[    0.000000]   AMD AuthenticAMD
[    0.000000]   Centaur CentaurHauls
[    0.000000] x86/fpu: xstate_offset[2]:  576, xstate_sizes[2]:  256
[    0.000000] x86/fpu: Supporting XSAVE feature 0x01: 'x87 floating point registers'
[    0.000000] x86/fpu: Supporting XSAVE feature 0x02: 'SSE registers'
[    0.000000] x86/fpu: Supporting XSAVE feature 0x04: 'AVX registers'
[    0.000000] x86/fpu: Enabled xstate features 0x7, context size is 832 bytes, using 'standard' format.
[    0.000000] e820: BIOS-provided physical RAM map:
[    0.000000] BIOS-e820: [mem 0x0000000000000000-0x000000000009fbff] usable
[    0.000000] BIOS-e820: [mem 0x000000000009fc00-0x000000000009ffff] reserved
[    0.000000] BIOS-e820: [mem 0x00000000000f0000-0x00000000000fffff] reserved
[    0.000000] BIOS-e820: [mem 0x0000000000100000-0x000000003ffeffff] usable
[    0.000000] BIOS-e820: [mem 0x000000003fff0000-0x000000003fffffff] ACPI data
[    0.000000] BIOS-e820: [mem 0x00000000fec00000-0x00000000fec00fff] reserved
[    0.000000] BIOS-e820: [mem 0x00000000fee00000-0x00000000fee00fff] reserved
[    0.000000] BIOS-e820: [mem 0x00000000fffc0000-0x00000000ffffffff] reserved
[    0.000000] NX (Execute Disable) protection: active
[    0.000000] SMBIOS 2.5 present.
[    0.000000] Hypervisor detected: KVM
[    0.000000] e820: last_pfn = 0x3fff0 max_arch_pfn = 0x400000000
[    0.000000] MTRR: Disabled
[    0.000000] x86/PAT: MTRRs disabled, skipping PAT initialization too.
[    0.000000] CPU MTRRs all blank - virtualized system.
[    0.000000] x86/PAT: Configuration [0-7]: WB  WT  UC- UC  WB  WT  UC- UC  
[    0.000000] found SMP MP-table at [mem 0x0009fff0-0x0009ffff] mapped at [ffff88000009fff0]
[    0.000000] Scanning 1 areas for low memory corruption
[    0.000000] RAMDISK: [mem 0x361f0000-0x370effff]
[    0.000000] ACPI: Early table checksum verification disabled
[    0.000000] ACPI: RSDP 0x00000000000E0000 000024 (v02 VBOX  )
[    0.000000] ACPI: XSDT 0x000000003FFF0030 00003C (v01 VBOX   VBOXXSDT 00000001 ASL  00000061)
[    0.000000] ACPI: FACP 0x000000003FFF00F0 0000F4 (v04 VBOX   VBOXFACP 00000001 ASL  00000061)
[    0.000000] ACPI: DSDT 0x000000003FFF0470 0021C8 (v02 VBOX   VBOXBIOS 00000002 INTL 20100528)
[    0.000000] ACPI: FACS 0x000000003FFF0200 000040
[    0.000000] ACPI: FACS 0x000000003FFF0200 000040
[    0.000000] ACPI: APIC 0x000000003FFF0240 00005C (v02 VBOX   VBOXAPIC 00000001 ASL  00000061)
[    0.000000] ACPI: SSDT 0x000000003FFF02A0 0001CC (v01 VBOX   VBOXCPUT 00000002 INTL 20100528)
[    0.000000] No NUMA configuration found
[    0.000000] Faking a node at [mem 0x0000000000000000-0x000000003ffeffff]
[    0.000000] NODE_DATA(0) allocated [mem 0x3ffeb000-0x3ffeffff]
[    0.000000] kvm-clock: Using msrs 4b564d01 and 4b564d00
[    0.000000] kvm-clock: cpu 0, msr 0:3ffe3001, primary cpu clock
[    0.000000] kvm-clock: using sched offset of 3346001431 cycles
[    0.000000] clocksource: kvm-clock: mask: 0xffffffffffffffff max_cycles: 0x1cd42e4dffb, max_idle_ns: 881590591483 ns
[    0.000000] Zone ranges:
[    0.000000]   DMA      [mem 0x0000000000001000-0x0000000000ffffff]
[    0.000000]   DMA32    [mem 0x0000000001000000-0x000000003ffeffff]
[    0.000000]   Normal   empty
[    0.000000]   Device   empty
[    0.000000] Movable zone start for each node
[    0.000000] Early memory node ranges
[    0.000000]   node   0: [mem 0x0000000000001000-0x000000000009efff]
[    0.000000]   node   0: [mem 0x0000000000100000-0x000000003ffeffff]
[    0.000000] Initmem setup node 0 [mem 0x0000000000001000-0x000000003ffeffff]
[    0.000000] ACPI: PM-Timer IO Port: 0x4008
[    0.000000] IOAPIC[0]: apic_id 2, version 32, address 0xfec00000, GSI 0-23
[    0.000000] ACPI: INT_SRC_OVR (bus 0 bus_irq 0 global_irq 2 dfl dfl)
[    0.000000] ACPI: INT_SRC_OVR (bus 0 bus_irq 9 global_irq 9 high level)
[    0.000000] Using ACPI (MADT) for SMP configuration information
[    0.000000] smpboot: Allowing 2 CPUs, 0 hotplug CPUs
[    0.000000] PM: Registered nosave memory: [mem 0x00000000-0x00000fff]
[    0.000000] PM: Registered nosave memory: [mem 0x0009f000-0x0009ffff]
[    0.000000] PM: Registered nosave memory: [mem 0x000a0000-0x000effff]
[    0.000000] PM: Registered nosave memory: [mem 0x000f0000-0x000fffff]
[    0.000000] e820: [mem 0x40000000-0xfebfffff] available for PCI devices
[    0.000000] Booting paravirtualized kernel on KVM
[    0.000000] clocksource: refined-jiffies: mask: 0xffffffff max_cycles: 0xffffffff, max_idle_ns: 7645519600211568 ns
[    0.000000] setup_percpu: NR_CPUS:512 nr_cpumask_bits:512 nr_cpu_ids:2 nr_node_ids:1
[    0.000000] PERCPU: Embedded 34 pages/cpu @ffff88003fc00000 s99608 r8192 d31464 u1048576
[    0.000000] PV qspinlock hash table entries: 256 (order: 0, 4096 bytes)
[    0.000000] Built 1 zonelists in Node order, mobility grouping on.  Total pages: 257912
[    0.000000] Policy zone: DMA32
[    0.000000] Kernel command line: BOOT_IMAGE=/boot/vmlinuz-4.4.0-137-generic root=UUID=1944b013-04db-427d-b9cb-2e000828c5db ro console=tty1 console=ttyS0
[    0.000000] PID hash table entries: 4096 (order: 3, 32768 bytes)
[    0.000000] Memory: 997144K/1048120K available (8555K kernel code, 1314K rwdata, 4004K rodata, 1528K init, 1316K bss, 50976K reserved, 0K cma-reserved)
[    0.000000] SLUB: HWalign=64, Order=0-3, MinObjects=0, CPUs=2, Nodes=1
[    0.000000] Kernel/User page tables isolation: enabled
[    0.000000] Hierarchical RCU implementation.
[    0.000000] 	Build-time adjustment of leaf fanout to 64.
[    0.000000] 	RCU restricting CPUs from NR_CPUS=512 to nr_cpu_ids=2.
[    0.000000] RCU: Adjusting geometry for rcu_fanout_leaf=64, nr_cpu_ids=2
[    0.000000] NR_IRQS:33024 nr_irqs:440 16
[    0.000000] Console: colour VGA+ 80x25
[    0.000000] console [tty1] enabled
[    0.000000] console [ttyS0] enabled
[    0.000000] tsc: Detected 3095.998 MHz processor
[    2.373484] Calibrating delay loop (skipped) preset value.. 6191.99 BogoMIPS (lpj=12383992)
[    2.462112] pid_max: default: 32768 minimum: 301
[    2.462839] ACPI: Core revision 20150930
[    2.464266] ACPI: 2 ACPI AML tables successfully acquired and loaded
[    2.465318] Security Framework initialized
[    2.470201] Yama: becoming mindful.
[    2.526095] AppArmor: AppArmor initialized
[    2.577780] Dentry cache hash table entries: 131072 (order: 8, 1048576 bytes)
[    2.601881] Inode-cache hash table entries: 65536 (order: 7, 524288 bytes)
[    2.698955] Mount-cache hash table entries: 2048 (order: 2, 16384 bytes)
[    2.781316] Mountpoint-cache hash table entries: 2048 (order: 2, 16384 bytes)
[    2.885789] Initializing cgroup subsys io
[    2.909321] Initializing cgroup subsys memory
[    2.965996] Initializing cgroup subsys devices
[    2.987727] Initializing cgroup subsys freezer
[    2.994003] Initializing cgroup subsys net_cls
[    3.059366] Initializing cgroup subsys perf_event
[    3.060256] Initializing cgroup subsys net_prio
[    3.060966] Initializing cgroup subsys hugetlb
[    3.061688] Initializing cgroup subsys pids
[    3.063992] mce: CPU supports 0 MCE banks
[    3.064672] Last level iTLB entries: 4KB 64, 2MB 8, 4MB 8
[    3.065492] Last level dTLB entries: 4KB 64, 2MB 0, 4MB 0, 1GB 4
[    3.066351] Spectre V2 : Mitigation: Full generic retpoline
[    3.067166] Spectre V2 : Spectre v2 mitigation: Speculation control IBPB not-supported IBRS not-supported
[    3.068405] Spectre V2 : Spectre v2 / SpectreRSB mitigation: Filling RSB on context switch
[    3.069928] Speculative Store Bypass: Vulnerable
[    3.082641] Freeing SMP alternatives memory: 32K
[    3.150573] ftrace: allocating 32265 entries in 127 pages
[    3.250570] smpboot: APIC(0) Converting physical 0 to logical package 0
[    3.303202] smpboot: Max logical packages: 1
[    3.358160] x2apic enabled
[    3.358863] Switched APIC routing to physical x2apic.
[    3.360631] ..TIMER: vector=0x30 apic1=0 pin1=2 apic2=-1 pin2=-1
[    3.553297] smpboot: CPU0: Intel(R) Core(TM) i5-7267U CPU @ 3.10GHz (family: 0x6, model: 0x8e, stepping: 0x9)
[    3.655519] Performance Events: unsupported p6 CPU model 142 no PMU driver, software events only.
[    3.757748] KVM setup paravirtual spinlock
[    3.759038] x86: Booting SMP configuration:
[    3.759713] .... node  #0, CPUs:      #1
[    3.770880] kvm-clock: cpu 1, msr 0:3ffe3041, secondary cpu clock
[    3.775523] mce: CPU supports 0 MCE banks
[    3.778052] x86: Booted up 1 node, 2 CPUs
[    3.817873] smpboot: Total of 2 processors activated (12383.99 BogoMIPS)
[    3.873748] devtmpfs: initialized
[    3.904177] evm: security.selinux
[    3.949879] evm: security.SMACK64
[    3.985251] evm: security.SMACK64EXEC
[    4.025921] evm: security.SMACK64TRANSMUTE
[    4.071420] evm: security.SMACK64MMAP
[    4.080000] evm: security.ima
[    4.106942] evm: security.capability
[    4.110251] clocksource: jiffies: mask: 0xffffffff max_cycles: 0xffffffff, max_idle_ns: 7645041785100000 ns
[    4.112065] futex hash table entries: 512 (order: 3, 32768 bytes)
[    4.113272] pinctrl core: initialized pinctrl subsystem
[    4.166916] RTC time:  4:17:27, date: 10/10/18
[    4.170786] NET: Registered protocol family 16
[    4.222416] cpuidle: using governor ladder
[    4.282169] cpuidle: using governor menu
[    4.302886] PCCT header not found.
[    4.327058] ACPI: bus type PCI registered
[    4.368110] acpiphp: ACPI Hot Plug PCI Controller Driver version: 0.5
[    4.422320] PCI: Using configuration type 1 for base access
[    4.495543] ACPI: Added _OSI(Module Device)
[    4.537382] ACPI: Added _OSI(Processor Device)
[    4.555913] ACPI: Added _OSI(3.0 _SCP Extensions)
[    4.587506] ACPI: Added _OSI(Processor Aggregator Device)
[    4.643549] ACPI: Executed 1 blocks of module-level executable AML code
[    4.704860] ACPI: Interpreter enabled
[    4.738620] ACPI: (supports S0 S5)
[    4.769631] ACPI: Using IOAPIC for interrupt routing
[    4.770598] PCI: Using host bridge windows from ACPI; if necessary, use "pci=nocrs" and report a bug
[    4.871373] ACPI: PCI Root Bridge [PCI0] (domain 0000 [bus 00-ff])
[    4.941733] acpi PNP0A03:00: _OSC: OS supports [ASPM ClockPM Segments MSI]
[    5.005602] acpi PNP0A03:00: _OSC failed (AE_NOT_FOUND); disabling ASPM
[    5.067935] acpi PNP0A03:00: fail to add MMCONFIG information, can't access extended PCI configuration space under this bridge.
[    5.167577] PCI host bridge to bus 0000:00
[    5.168428] pci_bus 0000:00: root bus resource [io  0x0000-0x0cf7 window]
[    5.228260] pci_bus 0000:00: root bus resource [io  0x0d00-0xffff window]
[    5.303526] pci_bus 0000:00: root bus resource [mem 0x000a0000-0x000bffff window]
[    5.378458] pci_bus 0000:00: root bus resource [mem 0x40000000-0xffdfffff window]
[    5.443142] pci_bus 0000:00: root bus resource [bus 00-ff]
[    5.494994] pci 0000:00:01.1: legacy IDE quirk: reg 0x10: [io  0x01f0-0x01f7]
[    5.570548] pci 0000:00:01.1: legacy IDE quirk: reg 0x14: [io  0x03f6]
[    5.600450] pci 0000:00:01.1: legacy IDE quirk: reg 0x18: [io  0x0170-0x0177]
[    5.665756] pci 0000:00:01.1: legacy IDE quirk: reg 0x1c: [io  0x0376]
[    5.750611] pci 0000:00:07.0: quirk: [io  0x4000-0x403f] claimed by PIIX4 ACPI
[    5.838224] pci 0000:00:07.0: quirk: [io  0x4100-0x410f] claimed by PIIX4 SMB
[    5.898420] ACPI: PCI Interrupt Link [LNKA] (IRQs 5 9 10 *11)
[    5.956004] ACPI: PCI Interrupt Link [LNKB] (IRQs 5 9 10 *11)
[    6.017837] ACPI: PCI Interrupt Link [LNKC] (IRQs 5 9 *10 11)
[    6.082820] ACPI: PCI Interrupt Link [LNKD] (IRQs 5 *9 10 11)
[    6.146132] ACPI: Enabled 2 GPEs in block 00 to 07
[    6.178350] vgaarb: setting as boot device: PCI:0000:00:02.0
[    6.261473] vgaarb: device added: PCI:0000:00:02.0,decodes=io+mem,owns=io+mem,locks=none
[    6.354995] vgaarb: loaded
[    6.368056] vgaarb: bridge control possible 0000:00:02.0
[    6.369076] SCSI subsystem initialized
[    6.375507] ACPI: bus type USB registered
[    6.402105] usbcore: registered new interface driver usbfs
[    6.475466] usbcore: registered new interface driver hub
[    6.496549] usbcore: registered new device driver usb
[    6.545121] PCI: Using ACPI for IRQ routing
[    6.567495] NetLabel: Initializing
[    6.599989] NetLabel:  domain hash size = 128
[    6.644221] NetLabel:  protocols = UNLABELED CIPSOv4
[    6.650874] NetLabel:  unlabeled traffic allowed by default
[    6.705933] amd_nb: Cannot enumerate AMD northbridges
[    6.748352] clocksource: Switched to clocksource kvm-clock
[    6.836733] AppArmor: AppArmor Filesystem Enabled
[    6.918387] pnp: PnP ACPI init
[    6.978901] pnp: PnP ACPI: found 3 devices
[    7.076344] clocksource: acpi_pm: mask: 0xffffff max_cycles: 0xffffff, max_idle_ns: 2085701024 ns
[    7.212023] NET: Registered protocol family 2
[    7.317734] TCP established hash table entries: 8192 (order: 4, 65536 bytes)
[    7.463341] TCP bind hash table entries: 8192 (order: 5, 131072 bytes)
[    7.550655] TCP: Hash tables configured (established 8192 bind 8192)
[    7.567987] UDP hash table entries: 512 (order: 2, 16384 bytes)
[    7.568884] UDP-Lite hash table entries: 512 (order: 2, 16384 bytes)
[    7.569847] NET: Registered protocol family 1
[    7.570550] pci 0000:00:00.0: Limiting direct PCI/PCI transfers
[    7.571427] pci 0000:00:01.0: Activating ISA DMA hang workarounds
[    7.572431] Unpacking initramfs...
[    7.803180] Freeing initrd memory: 15360K
[    7.883708] platform rtc_cmos: registered platform RTC device (no PNP device found)
[    8.015983] Scanning for low memory corruption every 60 seconds
[    8.136378] audit: initializing netlink subsys (disabled)
[    8.161861] audit: type=2000 audit(1539145049.745:1): initialized
[    8.190426] Initialise system trusted keyring
[    8.240940] HugeTLB registered 2 MB page size, pre-allocated 0 pages
[    8.311665] zbud: loaded
[    8.353954] VFS: Disk quotas dquot_6.6.0
[    8.360190] VFS: Dquot-cache hash table entries: 512 (order 0, 4096 bytes)
[    8.384685] squashfs: version 4.0 (2009/01/31) Phillip Lougher
[    8.386018] fuse init (API version 7.23)
[    8.400386] Key type big_key registered
[    8.417647] Allocating IMA MOK and blacklist keyrings.
[    8.422164] Key type asymmetric registered
[    8.440903] Asymmetric key parser 'x509' registered
[    8.447407] Block layer SCSI generic (bsg) driver version 0.4 loaded (major 249)
[    8.493834] io scheduler noop registered
[    8.540798] io scheduler deadline registered (default)
[    8.652092] io scheduler cfq registered
[    8.718619] pci_hotplug: PCI Hot Plug PCI Core version: 0.5
[    8.827565] pciehp: PCI Express Hot Plug Controller Driver version: 0.4
[    8.941157] tsc: Refined TSC clocksource calibration: 3094.599 MHz
[    8.942239] clocksource: tsc: mask: 0xffffffffffffffff max_cycles: 0x2c9b59850b6, max_idle_ns: 440795302534 ns
[    8.944303] ACPI: AC Adapter [AC] (off-line)
[    9.007066] input: Power Button as /devices/LNXSYSTM:00/LNXPWRBN:00/input/input0
[    9.124445] ACPI: Power Button [PWRF]
[    9.204854] input: Sleep Button as /devices/LNXSYSTM:00/LNXSLPBN:00/input/input1
[    9.358474] ACPI: Sleep Button [SLPF]
[    9.421295] GHES: HEST is not enabled!
[    9.422122] ACPI: Battery Slot [BAT0] (battery present)
[    9.591933] Serial: 8250/16550 driver, 32 ports, IRQ sharing enabled
[    9.762190] 00:02: ttyS0 at I/O 0x3f8 (irq = 4, base_baud = 115200) is a 16550A
[    9.799876] Linux agpgart interface v0.103
[    9.817641] loop: module loaded
[    9.830273] scsi host0: ata_piix
[    9.841268] scsi host1: ata_piix
[    9.855718] ata1: PATA max UDMA/33 cmd 0x1f0 ctl 0x3f6 bmdma 0xd000 irq 14
[    9.868886] ata2: PATA max UDMA/33 cmd 0x170 ctl 0x376 bmdma 0xd008 irq 15
[    9.910386] libphy: FixedMMDIO Bus: probed
[    9.998130] tun: Universal TUN/TAP device driver, 1.6
[   10.118556] tun: (C) 1999-2004 Max Krasnyansky <maxk@qualcomm.com>
[   10.121520] PPP generic driver version 2.4.2
[   10.122398] ehci_hcd: USB 2.0 'Enhanced' Host Controller (EHCI) Driver
[   10.146633] ehci-pci: EHCI PCI platform driver
[   10.200298] ehci-platform: EHCI generic platform driver
[   10.270609] ohci_hcd: USB 1.1 'Open' Host Controller (OHCI) Driver
[   10.271512] ohci-pci: OHCI PCI platform driver
[   10.290499] ohci-platform: OHCI generic platform driver
[   10.321032] uhci_hcd: USB Universal Host Controller Interface driver
[   10.341026] i8042: PNP: PS/2 Controller [PNP0303:PS2K,PNP0f03:PS2M] at 0x60,0x64 irq 1,12
[   10.353406] serio: i8042 KBD port at 0x60,0x64 irq 1
[   10.371811] serio: i8042 AUX port at 0x60,0x64 irq 12
[   10.398399] mousedev: PS/2 mouse device common for all mice
[   10.449086] input: AT Translated Set 2 keyboard as /devices/platform/i8042/serio0/input/input2
[   10.450722] rtc_cmos rtc_cmos: rtc core: registered rtc_cmos as rtc0
[   10.559508] rtc_cmos rtc_cmos: alarms up to one day, 114 bytes nvram
[   10.561613] i2c /dev entries driver
[   10.562416] device-mapper: uevent: version 1.0.3
[   10.569706] device-mapper: ioctl: 4.34.0-ioctl (2015-10-28) initialised: dm-devel@redhat.com
[   10.646629] ledtrig-cpu: registered to indicate activity on CPUs
[   10.808560] NET: Registered protocol family 10
[   10.864093] NET: Registered protocol family 17
[   10.889817] Key type dns_resolver registered
[   10.905326] registered taskstats version 1
[   10.919418] Loading compiled-in X.509 certificates
[   10.931098] Loaded X.509 cert 'Build time autogenerated kernel key: 20acc96b50ca7641011eace69d32209215a9b56f'
[   10.967338] zswap: loaded using pool lzo/zbud
[   10.990135] Key type trusted registered
[   11.034312] Key type encrypted registered
[   11.108394] AppArmor: AppArmor sha1 policy hashing enabled
[   11.215903] ima: No TPM chip found, activating TPM-bypass!
[   11.258762] ima: Allocated hash algorithm: sha1
[   11.270236] evm: HMAC attrs: 0x1
[   11.271048]   Magic number: 6:915:261
[   11.271770] rtc_cmos rtc_cmos: setting system clock to 2018-10-10 04:17:34 UTC (1539145054)
[   11.300132] BIOS EDD facility v0.16 2004-Jun-25, 0 devices found
[   11.416740] EDD information not available.
[   11.432935] Freeing unused kernel memory: 1528K
[   11.448785] Write protecting the kernel read-only data: 14336k
[   11.465875] Freeing unused kernel memory: 1672K
[   11.466737] Freeing unused kernel memory: 92K
Loading, please wait...
starting version[   11.479586] random: systemd-udevd: uninitialized urandom read (16 bytes read, 5 bits of entropy available)
 229
[   11.480083] random: udevadm: uninitialized urandom read (16 bytes read, 5 bits of entropy available)
[   11.480110] random: udevadm: uninitialized urandom read (16 bytes read, 5 bits of entropy available)
[   11.489380] random: udevadm: uninitialized urandom read (16 bytes read, 5 bits of entropy available)
[   11.489426] random: udevadm: uninitialized urandom read (16 bytes read, 5 bits of entropy available)
[   11.489576] random: udevadm: uninitialized urandom read (16 bytes read, 5 bits of entropy available)
[   11.489633] random: udevadm: uninitialized urandom read (16 bytes read, 5 bits of entropy available)
[   11.489690] random: udevadm: uninitialized urandom read (16 bytes read, 5 bits of entropy available)
[   11.489746] random: udevadm: uninitialized urandom read (16 bytes read, 5 bits of entropy available)
[   11.489799] random: udevadm: uninitialized urandom read (16 bytes read, 5 bits of entropy available)
[   11.957017] e1000: Intel(R) PRO/1000 Network Driver - version 7.3.21-k8-NAPI
[   11.988642] e1000: Copyright (c) 1999-2006 Intel Corporation.
[   11.989831] Fusion MPT base driver 3.04.20
[   11.991991] Copyright (c) 1999-2008 LSI Corporation
[   12.014384] AVX version of gcm_enc/dec engaged.
[   12.048123] AES CTR mode by8 optimization enabled
[   12.066769] Fusion MPT SPI Host driver 3.04.20
[   12.313921] input: ImExPS/2 Generic Explorer Mouse as /devices/platform/i8042/serio1/input/input4
[   12.439008] e1000 0000:00:03.0 eth0: (PCI:33MHz:32-bit) 02:fb:a8:4c:29:d0
[   12.536578] e1000 0000:00:03.0 eth0: Intel(R) PRO/1000 Network Connection
[   12.540010] mptbase: ioc0: Initiating bringup
[   12.540032] e1000 0000:00:03.0 enp0s3: renamed from eth0
[   12.609224] ioc0: LSI53C1030 A0: Capabilities={Initiator}
[   12.809387] scsi host2: ioc0: LSI53C1030 A0, FwRev=00000000h, Ports=1, MaxQ=256, IRQ=20
[   12.961056] scsi 2:0:0:0: Direct-Access     VBOX     HARDDISK         1.0  PQ: 0 ANSI: 5
[   12.982235] scsi target2:0:0: Beginning Domain Validation
[   12.986648] scsi target2:0:0: Domain Validation skipping write tests
[   12.988111] scsi target2:0:0: Ending Domain Validation
[   12.990880] scsi target2:0:0: asynchronous
[   13.018295] scsi 2:0:1:0: Direct-Access     VBOX     HARDDISK         1.0  PQ: 0 ANSI: 5
[   13.069049] scsi target2:0:1: Beginning Domain Validation
[   13.073836] scsi target2:0:1: Domain Validation skipping write tests
[   13.091362] scsi target2:0:1: Ending Domain Validation
[   13.098035] scsi target2:0:1: asynchronous
[   13.116290] sd 2:0:0:0: [sda] 20971520 512-byte logical blocks: (10.7 GB/10.0 GiB)
[   13.166572] sd 2:0:0:0: Attached scsi generic sg0 type 0
[   13.167642] sd 2:0:0:0: [sda] Write Protect is off
[   13.236188] sd 2:0:1:0: Attached scsi generic sg1 type 0
[   13.295921] sd 2:0:1:0: [sdb] 20480 512-byte logical blocks: (10.5 MB/10.0 MiB)
[   13.295949] sd 2:0:0:0: [sda] Incomplete mode parameter data
[   13.295951] sd 2:0:0:0: [sda] Assuming drive cache: write through
[   13.375219]  sda: sda1
[   13.375878] sd 2:0:0:0: [sda] Attached SCSI disk
[   13.470352] sd 2:0:1:0: [sdb] Write Protect is off
[   13.557296] sd 2:0:1:0: [sdb] Incomplete mode parameter data
[   13.568812] sd 2:0:1:0: [sdb] Assuming drive cache: write through
[   13.574032] sd 2:0:1:0: [sdb] Attached SCSI disk
Begin: Loading e[   14.874003] md: linear personality registered for level -1
ssential drivers[   14.950729] md: multipath personality registered for level -4
 ... [   15.007728] md: raid0 personality registered for level 0
[   15.063868] md: raid1 personality registered for level 1
[   15.168619] raid6: sse2x1   gen()  9339 MB/s
[   15.284478] raid6: sse2x1   xor()  6352 MB/s
[   15.352890] raid6: sse2x2   gen()  8256 MB/s
[   15.460391] raid6: sse2x2   xor()  7380 MB/s
[   15.580455] raid6: sse2x4   gen() 13742 MB/s
[   15.700811] raid6: sse2x4   xor()  9211 MB/s
[   15.738025] raid6: using algorithm sse2x4 gen() 13742 MB/s
[   15.744837] raid6: .... xor() 9211 MB/s, rmw enabled
[   15.763139] raid6: using ssse3x2 recovery algorithm
[   15.804802] xor: automatically using best checksumming function:
[   15.893289]    avx       : 52228.000 MB/sec
[   15.999380] async_tx: api initialized (async)
[   16.011592] md: raid6 personality registered for level 6
[   16.038712] md: raid5 personality registered for level 5
[   16.039663] md: raid4 personality registered for level 4
[   16.045876] md: raid10 personality registered for level 10
done.
Begin: Running /scripts/init-premount ... done.
Begin: Mounting root file system ... Begin: Running /scripts/local-top ... done.
Begin: Running /scripts/local-premount ... [   16.098732] Btrfs loaded
Scanning for Btrfs filesystems
done.
Warning: fsck no[   16.165983] EXT4-fs (sda1): INFO: recovery required on readonly filesystem
t present, so sk[   16.218736] EXT4-fs (sda1): write access will be enabled during recovery
ipping root file system
[   16.325374] EXT4-fs (sda1): orphan cleanup on readonly fs
[   16.345402] EXT4-fs (sda1): 1 orphan inode deleted
[   16.377961] EXT4-fs (sda1): recovery complete
[   16.392534] EXT4-fs (sda1): mounted filesystem with ordered data mode. Opts: (null)
done.
Begin: Running /scripts/local-bottom ... done.
Begin: Running /scripts/init-bottom ... done.
[   16.533100] systemd[1]: systemd 229 running in system mode. (+PAM +AUDIT +SELINUX +IMA +APPARMOR +SMACK +SYSVINIT +UTMP +LIBCRYPTSETUP +GCRYPT +GNUTLS +ACL +XZ -LZ4 +SECCOMP +BLKID +ELFUTILS +KMOD -IDN)
[   16.631209] systemd[1]: Detected virtualization oracle.
[   16.664208] systemd[1]: Detected architecture x86-64.

Welcome to [1mUbuntu 16.04.5 LTS[0m!

[   16.814434] systemd[1]: Set hostname to <ubuntu-xenial>.
[   17.100525] systemd[1]: Created slice User and Session Slice.
[[0;32m  OK  [0m] Created slice User and Session Slice.
[   17.237366] systedd[1]: Created slice System Slice.
[[0;32m  OK  [0m] Created slice System Slice.
[   17.391406] systemd[1]: Listening on Syslog Socket.
[[0;32m  OK  [0m] Listening on Syslog Socket.
[   17.426228] systemd[1]: Reached target Swap.
[[0;32m  OK  [0m] Reached target Swap.
[   17.496804] systemd[1]: Listening on LVM2 poll daemon socket.
[[0;32m  OK  [0m] Listening on LVM2 poll daemon socket.
[   17.533037] systemd[1]: Reached target System Time Synchronized.
[[0;32m  OK  [0m] Reached target System Time Synchronized.
[   17.588902] systemd[1]: Listening on udev Control Socket.
[[0;32m  OK  [0m] Listening on udev Control Socket.
[   17.649076] systemd[1]: Set up automount Arbitrary Executable File Formats File System Automount Point.
[[0;32m  OK  [0m] Set up automount Arbitrary Executab...ats File System Automount Point.
[   17.881189] systemd[1]: Listening on /dev/initctl Compatibility Named Pipe.
[[0;32m  OK  [0m] Listening on /dev/initctl Compatibility Named Pipe.
[   17.985126] systemd[1]: Reached target Encrypted Volumes.
[[0;32m  OK  [0m] Reached target Encrypted Volumes.
[   18.046082] systemd[1]: Listening on Journal Socket (/dev/log).
[[0;32m  OK  [0m] Listening on Journal Socket (/dev/log).
[   18.240720] systemd[1]: Listening on LVM2 metadata daemon socket.
[[0;32m  OK  [0m] Listening on LVM2 metadata daemon socket.
[   18.352860] systemd[1]: Listening on udev Kernel Socket.
[[0;32m  OK  [0m] Listening on udev Kernel Socket.
[   18.424755] systemd[1]: Started Forward Password Requests to Wall Directory Watch.
[[0;32m  OK  [0m] Started Forward Password Requests to Wall Directory Watch.
[   18.560694] systemd[1]: Reached target Slices.
[[0;32m  OK  [0m] Reached target Slices.
[   18.600715] systemd[1]: Started Trigger resolvconf update for networkd DNS.
[[0;32m  OK  [0m] Started Trigger resolvconf update for networkd DNS.
[   18.677180] systemd[1]: Reached target User and Group Name Lookups.
[[0;32m  OK  [0m] Reached target User and Group Name Lookups.
[   18.768146] systemd[1]: Listening on Device-mapper event daemon FIFOs.
[[0;32m  OK  [0m] Listening on Device-mapper event daemon FIFOs.
[   18.821089] systemd[1]: Listening on Journal Audit Socket.
[   18.878137] random: nonblocking pool is initialized
[[0;32m  OK  [0m] Listening on Journal Audit Socket.
[   18.968205] systemd[1]: Created slice system-serial\x2dgetty.slice.
[[0;32m  OK  [0m] Created slice system-serial\x2dgetty.slice.
[   19.054390] systemd[1]: Listening on Journal Socket.
[[0;32m  OK  [0m] Listening on Journal Socket.
[   19.096839] systemd[1]: Starting Load Kernel Modules...
[   19.111179] Loading iSCSI transport class v2.0-870.
         Starting Load Kernel Mo[   19.157147] iscsi: registered transport (tcp)
dules...
[   19.249927] iscsi: registered transport (iser)
[   19.300871] systemd[1]: Starting Remount Root and Kernel File Systems...
[   19.312343] EXT4-fs (sda1): re-mounted. Opts: (null)
         Starting Remount Root and Kernel File Systems...
[   19.441840] systemd[1]: Starting Create list of required static device nodes for the current kernel...
         Starting Create list of required st... nodes for the current kernel...
[   19.560660] systemd[1]: Starting Monitoring of LVM2 mirrors, snapshots etc. using dmeventd or progress polling...
         Starting Monitoring of LVM2 mirrors... dmeventd or progress polling...
[   19.628711] systemd[1]: Mounting POSIX Message Queue File System...
         Mounting POSIX Message Queue File System...
[   19.691434] systemd[1]: Mounting Huge Pages File System...
         Mounting Huge Pages File System...
[   19.741099] systemd[1]: Mounting Debug File System...
         Mounting Debug File System...
[   19.820942] systemd[1]: Starting Journal Service...
         Starting Journal Service...
[   19.858109] systemd[1]: Starting Nameserver information manager...
         Starting Nameserver information manager...
[   19.961150] systemd[1]: Starting Uncomplicated firewall...
         Starting Uncomplicated firewall...
[   19.990164] systemd[1]: Starting Set console keymap...
         Starting Set console keymap...
[   20.059205] systemd[1]: Mounted POSIX Message Queue File System.
[[0;32m  OK  [0m] Mounted POSIX Message Queue File System.
[   20.108952] systemd[1]: Mounted Debug File System.
[[0;32m  OK  [0m] Mounted Debug File System.
[   20.145368] systemd[1]: Mounted Huge Pages File System.
[[0;32m  OK  [0m] Mounted Huge Pages File System.
[   20.174610] systemd[1]: Started Journal Service.
[[0;32m  OK  [0m] Started Journal Service.
[[0;32m  OK  [0m] Started Load Kernel Modules.
[[0;32m  OK  [0m] Started Remount Root and Kernel File Systems.
[[0;32m  OK  [0m] Started Create list of required sta...ce nodes for the current kernel.
[[0;32m  OK  [0m] Started Uncomplicated firewall.
[[0;32m  OK  [0m] Started Set console keymap.
[[0;32m  OK  [0m] Started Nameserver information manager.
[[0;32m  OK  [0m] Started LVM2 metadata daemon.
         Starting Create Static Device Nodes in /dev...
         Starting udev Coldplug all Devices...
         Starting Load/Save Random Seed...
         Mounting FUSE Control File System...
         Starting Apply Kernel Variables...
         Starting Flush Journal to Persistent Storage...
[[0;32m  OK  [0m] Mounted FUSE Control File System.
[[0;32m  OK  [0m] Started Create Static Device Nodes in /dev.
[[0;32m  OK  [0m] Started Load/Save Random Seed.
[[0;32m  OK  [0m] Started Apply Kernel Variables.
[[0;32m  OK  [0m] Started udev Coldplug all Devices.
[[0;32m  OK  [0m] Started Flush Journal to Persistent Storage.
[[0;32m  OK  [0m] Started Monitoring of LVM2 mirrors,...ng dmeventd or progress polling.
         Starting udev Kernel Device Manager...
[[0;32m  OK  [0m] Started udev Kernel Device Manager.
[[0;32m  OK  [0m] Reached target Local File Systems (Pre).
[[0;32m  OK  [0m] Reached target Local File Systems.
         Starting Create Volatile Files and Directories...
         Starting LSB: AppArmor initialization...
         Starting Set console font and keymap...
         Starting Tell Plymouth To Write Out Runtime Data...
         Starting Initial cloud-init job (pre-networking)...
[[0;32m  OK  [0m] Started Dispatch Password Requests to Console Directory Watch.
[[0;32m  OK  [0m] Started Create Volatile Files and Directories.
[[0;32m  OK  [0m] Started Tell Plymouth To Write Out Runtime Data.
[[0;32m  OK  [0m] Found device /dev/ttyS0.
[[0;32m  OK  [0m] Started LSB: AppArmor initialization.
[[0;32m  OK  [0m] Started Set console font and keymap.
[[0;32m  OK  [0m] Listening on Load/Save RF Kill Switch Status /dev/rfkill Watch.
[[0;32m  OK  [0m] Created slice system-getty.slice.
[   16.165353] cloud-init[589]: Cloud-init v. 18.3-9-g2e62cb8a-0ubuntu1~16.04.2 running 'init-local' at Wed, 10 Oct 2018 04:17:45 +0000. Up 15.86 seconds.
         Starting Update UTMP about System Boot/Shutdown...
[[0;32m  OK  [0m] Started Initial cloud-init job (pre-networking).
[[0;32m  OK  [0m] Reached target Network (Pre).
         Starting Raise network interfaces...
[[0;32m  OK  [0m] Started ifup for enp0s3.
[[0;32m  OK  [0m] Started Update UTMP about System Boot/Shutdown.
[[0;32m  OK  [0m] Started Raise network interfaces.
[[0;32m  OK  [0m] Reached target Network.
         Starting Initial cloud-init job (metadata service crawler)...
[   17.204343] cloud-init[949]: Cloud-init v. 18.3-9-g2e62cb8a-0ubuntu1~16.04.2 running 'init' at Wed, 10 Oct 2018 04:17:46 +0000. Up 16.90 seconds.
[[0;32m  OK  [0m] Started Initial cloud-init job (metadata service crawler).
[[   17.306750] cloud-init[949]: ci-info: ++++++++++++++++++++++++++++++++++++++Net device info++++++++++++++++++++++++++++++++++++++
[   17.353758] cloud-init[949]: ci-info: +--------+------+----------------------------+---------------+--------+-------------------+
[0;32m  OK  [0m] Reached target Cloud-config availability.
[   17.353867] cloud-init[949]: ci-info: | Device |  Up  |          Address           |      Mask     | Scope  |     Hw-Address    |
[   17.406763] cloud-init[949]: ci-info: +--------+------+----------------------------+---------------+--------+-------------------+
[[0;32m  OK  [0m] Reached target Network is Online.
[   17.406868] cloud-init[949]: ci-info: | enp0s3 | True |         10.0.2.15          | 255.255.255.0 | global | 02:fb:a8:4c:29:d0 |
[   17.467069] cloud-init[949]: ci-info: | enp0s3 | True | fe80::fb:a8ff:fe4c:29d0/64 |       .       |  link  | 02:fb:a8:4c:29:d0 |
[   17.488483] cloud-init[949]: ci-info: |   lo   | True |         127.0.0.1          |   255.0.0.0   |  host  |         .         |
[   17.488819] cloud-init[949]: ci-info: |   lo   | True |          ::1/128           |       .       |  host  |         .         |
         Starting iSCSI initiator daemon (iscsid)...
[   17.488982] cloud-init[949]: ci-info: +--------+------+----------------------------+---------------+--------+-------------------+
[   17.597598] cloud-init[949]: ci-info: +++++++++++++++++++++++++++Route IPv4 info++++++++++++++++++++++++++++
[[0;32m  OK  [0m] Reached target System Initialization.
         Starting Socket activation for snappy daemon.
[   17.597973] cloud-init[949]: ci-info: +-------+-------------+----------+---------------+-----------+-------+
[   17.888299] cloud-init[949]: ci-info: | Route | Destination | Gateway  |    Genmask    | Interface | Flags |
[   17.888542] cloud-init[949]: ci-info: +-------+-------------+----------+---------------+-----------+-------+
         Starting LXD - unix socket.
[   17.888745] cloud-init[949]: ci-info: |   0   |   0.0.0.0   | 10.0.2.2 |    0.0.0.0    |   enp0s3  |   UG  |
[   17.993324] cloud-init[949]: ci-info: |   1   |   10.0.2.0  | 0.0.0.0  | 255.255.255.0 |   enp0s3  |   U   |
[[0;32m  OK  [0m] Listening on D-Bus System Message Bus Socket.
[   17.993519] cloud-init[949]: ci-info: +-------+-------------+----------+---------------+-----------+-------+
[   18.278911] cloud-init[949]: ci-info: +++++++++++++++++++Route IPv6 info+++++++++++++++++++
[   18.279428] cloud-init[949]: ci-info: +-------+-------------+---------+-----------+-------+
[[0;32m  OK  [0m] Started ACPI Events Check.
[[   18.279698] cloud-init[949]: ci-info: | Route | Destination | Gateway | Interface | Flags |
[   18.369308] cloud-init[949]: ci-info: +-------+-------------+---------+-----------+-------+
[   18.369564] cloud-init[949]: ci-info: |   0   |  fe80::/64  |    ::   |   enp0s3  |   U   |
[0;32m  OK  [0m] Reached target Paths.
[   18.369714] cloud-init[949]: ci-info: |   3   |   ff00::/8  |    ::   |   enp0s3  |   U   |
[   18.604769] cloud-init[949]: ci-info: +-------+-------------+---------+-----------+-------+
[[0;32m  OK  [0m] Started Daily apt download activities.
[[0;32m  OK  [0m] Started Daily apt upgrade and clean activities.
[[0;32m  OK  [0m] Listening on UUID daemon activation socket.
         Starting Docker Socket for the API.
[[0;32m  OK  [0m] Listening on ACPID Listen Socket.
[[0;32m  OK  [0m] Started Daily Cleanup of Temporary Directories.
[[0;32m  OK  [0m] Reached target Timers.
[[0;32m  OK  [0m] Listening on Socket activation for snappy daemon.
[[0;32m  OK  [0m] Listening on LXD - unix socket.
[[0;32m  OK  [0m] Listening on Docker Socket for the API.
[[0;32m  OK  [0m] Started iSCSI initiator daemon (iscsid).
         Starting Login to default iSCSI targets...
[[0;32m  OK  [0m] Reached target Sockets.
[[0;32m  OK  [0m] Reached target Basic System.
[[0;32m  OK  [0m] Started Unattended Upgrades Shutdown.
[[0;32m  OK  [0m] Started Regular background program processing daemon.
         Starting A high performance web server and a reverse proxy server...
         Starting LSB: Record successful boot for GRUB...
         Starting OpenBSD Secure Shell server...
         Starting Virtualbox guest utils...
[[0;32m  OK  [0m] Started D-Bus System Message Bus.
         Starting LXD - container startup/shutdown...
         Starting /etc/rc.local Compatibility...
         Starting Login Service...
         Starting LSB: MD monitoring daemon...
         Starting Snappy daemon...
[[0;32m  OK  [0m] Started Deferred execution scheduler.
         Starting Docker Application Container Engine...
[[0;32m  OK  [0m] Started FUSE filesystem for LXC.
[[0;32m  OK  [0m] Started ACPI event daemon.
         Starting System Logging Service...
         Starting Accounts Service...
[[0;32m  OK  [0m] Started OpenBSD Secure Shell server.
[[0;32m  OK  [0m] Started System Logging Service.
[[0;32m  OK  [0m] Started Snappy daemon.
[[0;32m  OK  [0m] Started LXD - container startup/shutdown.
[[0;32m  OK  [0m] Started /etc/rc.local Compatibility.
[[0;32m  OK  [0m] Started A high performance web server and a reverse proxy server.
[[0;32m  OK  [0m] Started Login to default iSCSI targets.
[[0;32m  OK  [0m] Started LSB: Record successful boot for GRUB.
[[0;32m  OK  [0m] Started LSB: MD monitoring daemon.
[[0;32m  OK  [0m] Started Virtualbox guest utils.
[[0;32m  OK  [0m] Started Login Service.
         Starting Authenticate and Authorize Users to Run Privileged Tasks...
[[0;32m  OK  [0m] Reached target Remote File Systems (Pre).
[[0;32m  OK  [0m] Reached target Remote File Systems.
         Starting LSB: Set the CPU Frequency Scaling governor to "ondemand"...
         Starting Permit User Sessions...
         Starting LSB: daemon to balance interrupts for SMP systems...
         Starting LSB: Set up cgroupfs mounts....
         Starting LSB: automatic crash report generation...
         Starting Wait until snapd is fully seeded...
[[0;32m  OK  [0m] Started Permit User Sessions.
[[0;32m  OK  [0m] Started LSB: Set up cgroupfs mounts..
[[0;32m  OK  [0m] Started Wait until snapd is fully seeded.
[[0;32m  OK  [0m] Started Authenticate and Authorize Users to Run Privileged Tasks.
[[0;32m  OK  [0m] Started Accounts Service.
[[0;32m  OK  [0m] Started LSB: Set the CPU Frequency Scaling governor to "ondemand".
[[0;32m  OK  [0m] Started LSB: daemon to balance interrupts for SMP systems.
         Starting Apply the settings specified in cloud-config...
         Starting Hold until boot process finishes up...
         Starting Terminate Plymouth Boot Screen...
[[0;32m  OK  [0m] Started LSB: automatic crash report generation.
[[0;32m  OK  [0m] Started Hold until boot process finishes up.
[[0;32m  OK  [0m] Started Terminate Plymouth Boot Screen.
[[0;32m  OK  [0m] Started Serial Getty on ttyS0.
         Starting Set console scheme...
[[0;32m  OK  [0m] Started Getty on tty1.
[[0;32m  OK  [0m] Reached target Login Prompts.
[[0;32m  OK  [0m] Started Docker Application Container Engine.
[[0;32m  OK  [0m] Started Set console scheme.
[[0;32m  OK  [0m] Reached target Multi-User System.
[[   20.879777] cloud-init[1296]: Cloud-init v. 18.3-9-g2e62cb8a-0ubuntu1~16.04.2 running 'modules:config' at Wed, 10 Oct 2018 04:17:50 +0000. Up 20.76 seconds.
[0;32m  OK  [0m] Reached target Graphical Interface.
         Starting Update UTMP about System Runlevel Changes...
[[0;32m  OK  [0m] Started Apply the settings specified in cloud-config.
         Starting Execute cloud user/final scripts...
[[0;32m  OK  [0m] Started Update UTMP about System Runlevel Changes.
[[0;32m  OK  [0m] Created slice User Slice of vagrant.
         Starting User Manager for UID 1000...
[[0;32m  OK  [0m] Started Session 1 of user vagrant.
[[0;32m  OK  [0m] Started User Manager for UID 1000.
[   21.667350] cloud-init[1443]: Cloud-init v. 18.3-9-g2e62cb8a-0ubuntu1~16.04.2 running 'modules:final' at Wed, 10 Oct 2018 04:17:51 +0000. Up 21.54 seconds.
[   21.689486] cloud-init[1443]: Cloud-init v. 18.3-9-g2e62cb8a-0ubuntu1~16.04.2 finished at Wed, 10 Oct 2018 04:17:51 +0000. Datasource DataSourceNoCloud [seed=/dev/sdb][dsmode=net].  Up 21.66 seconds
[[0;32m  OK  [0m] Started Execute cloud user/final scripts.
[[0;32m  OK  [0m] Reached target Cloud-init target.

Ubuntu 16.04.5 LTS ubuntu-xenial ttyS0

ubuntu-xenial login: 